Assembler report for Lab1Demo
Tue Sep 16 17:38:42 2025
Quartus Prime Version 17.0.0 Build 595 04/25/2017 SJ Lite Edition


---------------------
; Table of Contents ;
---------------------
  1. Legal Notice
  2. Assembler Summary
  3. Assembler Settings
  4. Assembler Generated Files
  5. Assembler Device Options: C:/Users/ginat/Documents/Lab1a_PACMAN/pacman_project_restored/output_files/Lab1Demo.sof
  6. Assembler Messages



----------------
; Legal Notice ;
----------------
Copyright (C) 2017  Intel Corporation. All rights reserved.
Your use of Intel Corporation's design tools, logic functions 
and other software and tools, and its AMPP partner logic 
functions, and any output files from any of the foregoing 
(including device programming or simulation files), and any 
associated documentation or information are expressly subject 
to the terms and conditions of the Intel Program License 
Subscription Agreement, the Intel Quartus Prime License Agreement,
the Intel MegaCore Function License Agreement, or other 
applicable license agreement, including, without limitation, 
that your use is for the sole purpose of programming logic 
devices manufactured by Intel and sold by Intel or its 
authorized distributors.  Please refer to the applicable 
agreement for further details.



+---------------------------------------------------------------+
; Assembler Summary                                             ;
+-----------------------+---------------------------------------+
; Assembler Status      ; Successful - Tue Sep 16 17:38:42 2025 ;
; Revision Name         ; Lab1Demo                              ;
; Top-level Entity Name ; TOP_VGA_DEMO_KBD                      ;
; Family                ; Cyclone V                             ;
; Device                ; 5CSXFC6D6F31C6                        ;
+-----------------------+---------------------------------------+


+----------------------------------+
; Assembler Settings               ;
+--------+---------+---------------+
; Option ; Setting ; Default Value ;
+--------+---------+---------------+


+-----------------------------------------------------------------------------------------+
; Assembler Generated Files                                                               ;
+-----------------------------------------------------------------------------------------+
; File Name                                                                               ;
+-----------------------------------------------------------------------------------------+
; C:/Users/ginat/Documents/Lab1a_PACMAN/pacman_project_restored/output_files/Lab1Demo.sof ;
+-----------------------------------------------------------------------------------------+


+-------------------------------------------------------------------------------------------------------------------+
; Assembler Device Options: C:/Users/ginat/Documents/Lab1a_PACMAN/pacman_project_restored/output_files/Lab1Demo.sof ;
+----------------+--------------------------------------------------------------------------------------------------+
; Option         ; Setting                                                                                          ;
+----------------+--------------------------------------------------------------------------------------------------+
; JTAG usercode  ; 0x059428CA                                                                                       ;
; Checksum       ; 0x059428CA                                                                                       ;
+----------------+--------------------------------------------------------------------------------------------------+


+--------------------+
; Assembler Messages ;
+--------------------+
Info: *******************************************************************
Info: Running Quartus Prime Assembler
    Info: Version 17.0.0 Build 595 04/25/2017 SJ Lite Edition
    Info: Processing started: Tue Sep 16 17:38:31 2025
Info: Command: quartus_asm --read_settings_files=off --write_settings_files=off Lab1Demo -c Lab1Demo
Info (115030): Assembler is generating device programming files
Info: Quartus Prime Assembler was successful. 0 errors, 0 warnings
    Info: Peak virtual memory: 4882 megabytes
    Info: Processing ended: Tue Sep 16 17:38:42 2025
    Info: Elapsed time: 00:00:11
    Info: Total CPU time (on all processors): 00:00:11


